ARM GAS  C:\Users\Jerry\AppData\Local\Temp\ccU9qOLh.s 			page 1


   1              		.cpu cortex-m4
   2              		.arch armv7e-m
   3              		.fpu fpv4-sp-d16
   4              		.eabi_attribute 27, 1
   5              		.eabi_attribute 28, 1
   6              		.eabi_attribute 20, 1
   7              		.eabi_attribute 21, 1
   8              		.eabi_attribute 23, 3
   9              		.eabi_attribute 24, 1
  10              		.eabi_attribute 25, 1
  11              		.eabi_attribute 26, 1
  12              		.eabi_attribute 30, 1
  13              		.eabi_attribute 34, 1
  14              		.eabi_attribute 18, 4
  15              		.file	"stm32f4xx_it.c"
  16              		.text
  17              	.Ltext0:
  18              		.cfi_sections	.debug_frame
  19              		.section	.text.NMI_Handler,"ax",%progbits
  20              		.align	1
  21              		.global	NMI_Handler
  22              		.syntax unified
  23              		.thumb
  24              		.thumb_func
  26              	NMI_Handler:
  27              	.LFB130:
  28              		.file 1 "Src/stm32f4xx_it.c"
   1:Src/stm32f4xx_it.c **** /* USER CODE BEGIN Header */
   2:Src/stm32f4xx_it.c **** /**
   3:Src/stm32f4xx_it.c ****   ******************************************************************************
   4:Src/stm32f4xx_it.c ****   * @file    stm32f4xx_it.c
   5:Src/stm32f4xx_it.c ****   * @brief   Interrupt Service Routines.
   6:Src/stm32f4xx_it.c ****   ******************************************************************************
   7:Src/stm32f4xx_it.c ****   * @attention
   8:Src/stm32f4xx_it.c ****   *
   9:Src/stm32f4xx_it.c ****   * <h2><center>&copy; Copyright (c) 2019 STMicroelectronics.
  10:Src/stm32f4xx_it.c ****   * All rights reserved.</center></h2>
  11:Src/stm32f4xx_it.c ****   *
  12:Src/stm32f4xx_it.c ****   * This software component is licensed by ST under BSD 3-Clause license,
  13:Src/stm32f4xx_it.c ****   * the "License"; You may not use this file except in compliance with the
  14:Src/stm32f4xx_it.c ****   * License. You may obtain a copy of the License at:
  15:Src/stm32f4xx_it.c ****   *                        opensource.org/licenses/BSD-3-Clause
  16:Src/stm32f4xx_it.c ****   *
  17:Src/stm32f4xx_it.c ****   ******************************************************************************
  18:Src/stm32f4xx_it.c ****   */
  19:Src/stm32f4xx_it.c **** /* USER CODE END Header */
  20:Src/stm32f4xx_it.c **** 
  21:Src/stm32f4xx_it.c **** /* Includes ------------------------------------------------------------------*/
  22:Src/stm32f4xx_it.c **** #include "main.h"
  23:Src/stm32f4xx_it.c **** #include "stm32f4xx_it.h"
  24:Src/stm32f4xx_it.c **** /* Private includes ----------------------------------------------------------*/
  25:Src/stm32f4xx_it.c **** /* USER CODE BEGIN Includes */
  26:Src/stm32f4xx_it.c **** /* USER CODE END Includes */
  27:Src/stm32f4xx_it.c **** 
  28:Src/stm32f4xx_it.c **** /* Private typedef -----------------------------------------------------------*/
  29:Src/stm32f4xx_it.c **** /* USER CODE BEGIN TD */
  30:Src/stm32f4xx_it.c **** 
ARM GAS  C:\Users\Jerry\AppData\Local\Temp\ccU9qOLh.s 			page 2


  31:Src/stm32f4xx_it.c **** /* USER CODE END TD */
  32:Src/stm32f4xx_it.c **** 
  33:Src/stm32f4xx_it.c **** /* Private define ------------------------------------------------------------*/
  34:Src/stm32f4xx_it.c **** /* USER CODE BEGIN PD */
  35:Src/stm32f4xx_it.c ****  
  36:Src/stm32f4xx_it.c **** /* USER CODE END PD */
  37:Src/stm32f4xx_it.c **** 
  38:Src/stm32f4xx_it.c **** /* Private macro -------------------------------------------------------------*/
  39:Src/stm32f4xx_it.c **** /* USER CODE BEGIN PM */
  40:Src/stm32f4xx_it.c **** 
  41:Src/stm32f4xx_it.c **** /* USER CODE END PM */
  42:Src/stm32f4xx_it.c **** 
  43:Src/stm32f4xx_it.c **** /* Private variables ---------------------------------------------------------*/
  44:Src/stm32f4xx_it.c **** /* USER CODE BEGIN PV */
  45:Src/stm32f4xx_it.c **** 
  46:Src/stm32f4xx_it.c **** /* USER CODE END PV */
  47:Src/stm32f4xx_it.c **** 
  48:Src/stm32f4xx_it.c **** /* Private function prototypes -----------------------------------------------*/
  49:Src/stm32f4xx_it.c **** /* USER CODE BEGIN PFP */
  50:Src/stm32f4xx_it.c **** 
  51:Src/stm32f4xx_it.c **** /* USER CODE END PFP */
  52:Src/stm32f4xx_it.c **** 
  53:Src/stm32f4xx_it.c **** /* Private user code ---------------------------------------------------------*/
  54:Src/stm32f4xx_it.c **** /* USER CODE BEGIN 0 */
  55:Src/stm32f4xx_it.c **** 
  56:Src/stm32f4xx_it.c **** /* USER CODE END 0 */
  57:Src/stm32f4xx_it.c **** 
  58:Src/stm32f4xx_it.c **** /* External variables --------------------------------------------------------*/
  59:Src/stm32f4xx_it.c **** extern UART_HandleTypeDef huart1;
  60:Src/stm32f4xx_it.c **** /* USER CODE BEGIN EV */
  61:Src/stm32f4xx_it.c **** 
  62:Src/stm32f4xx_it.c **** /* USER CODE END EV */
  63:Src/stm32f4xx_it.c **** 
  64:Src/stm32f4xx_it.c **** /******************************************************************************/
  65:Src/stm32f4xx_it.c **** /*           Cortex-M4 Processor Interruption and Exception Handlers          */
  66:Src/stm32f4xx_it.c **** /******************************************************************************/
  67:Src/stm32f4xx_it.c **** /**
  68:Src/stm32f4xx_it.c ****   * @brief This function handles Non maskable interrupt.
  69:Src/stm32f4xx_it.c ****   */
  70:Src/stm32f4xx_it.c **** void NMI_Handler(void)
  71:Src/stm32f4xx_it.c **** {
  29              		.loc 1 71 1 view -0
  30              		.cfi_startproc
  31              		@ args = 0, pretend = 0, frame = 0
  32              		@ frame_needed = 0, uses_anonymous_args = 0
  33              		@ link register save eliminated.
  72:Src/stm32f4xx_it.c ****   /* USER CODE BEGIN NonMaskableInt_IRQn 0 */
  73:Src/stm32f4xx_it.c **** 
  74:Src/stm32f4xx_it.c ****   /* USER CODE END NonMaskableInt_IRQn 0 */
  75:Src/stm32f4xx_it.c ****   /* USER CODE BEGIN NonMaskableInt_IRQn 1 */
  76:Src/stm32f4xx_it.c **** 
  77:Src/stm32f4xx_it.c ****   /* USER CODE END NonMaskableInt_IRQn 1 */
  78:Src/stm32f4xx_it.c **** }
  34              		.loc 1 78 1 view .LVU1
  35 0000 7047     		bx	lr
  36              		.cfi_endproc
  37              	.LFE130:
ARM GAS  C:\Users\Jerry\AppData\Local\Temp\ccU9qOLh.s 			page 3


  39              		.section	.text.HardFault_Handler,"ax",%progbits
  40              		.align	1
  41              		.global	HardFault_Handler
  42              		.syntax unified
  43              		.thumb
  44              		.thumb_func
  46              	HardFault_Handler:
  47              	.LFB131:
  79:Src/stm32f4xx_it.c **** 
  80:Src/stm32f4xx_it.c **** /**
  81:Src/stm32f4xx_it.c ****   * @brief This function handles Hard fault interrupt.
  82:Src/stm32f4xx_it.c ****   */
  83:Src/stm32f4xx_it.c **** void HardFault_Handler(void)
  84:Src/stm32f4xx_it.c **** {
  48              		.loc 1 84 1 view -0
  49              		.cfi_startproc
  50              		@ Volatile: function does not return.
  51              		@ args = 0, pretend = 0, frame = 0
  52              		@ frame_needed = 0, uses_anonymous_args = 0
  53              		@ link register save eliminated.
  54              	.L3:
  85:Src/stm32f4xx_it.c ****   /* USER CODE BEGIN HardFault_IRQn 0 */
  86:Src/stm32f4xx_it.c **** 
  87:Src/stm32f4xx_it.c ****   /* USER CODE END HardFault_IRQn 0 */
  88:Src/stm32f4xx_it.c ****   while (1)
  55              		.loc 1 88 3 discriminator 1 view .LVU3
  89:Src/stm32f4xx_it.c ****   {
  90:Src/stm32f4xx_it.c ****     /* USER CODE BEGIN W1_HardFault_IRQn 0 */
  91:Src/stm32f4xx_it.c ****     /* USER CODE END W1_HardFault_IRQn 0 */
  92:Src/stm32f4xx_it.c ****   }
  56              		.loc 1 92 3 discriminator 1 view .LVU4
  88:Src/stm32f4xx_it.c ****   {
  57              		.loc 1 88 9 discriminator 1 view .LVU5
  58 0000 FEE7     		b	.L3
  59              		.cfi_endproc
  60              	.LFE131:
  62              		.section	.text.MemManage_Handler,"ax",%progbits
  63              		.align	1
  64              		.global	MemManage_Handler
  65              		.syntax unified
  66              		.thumb
  67              		.thumb_func
  69              	MemManage_Handler:
  70              	.LFB132:
  93:Src/stm32f4xx_it.c **** }
  94:Src/stm32f4xx_it.c **** 
  95:Src/stm32f4xx_it.c **** /**
  96:Src/stm32f4xx_it.c ****   * @brief This function handles Memory management fault.
  97:Src/stm32f4xx_it.c ****   */
  98:Src/stm32f4xx_it.c **** void MemManage_Handler(void)
  99:Src/stm32f4xx_it.c **** {
  71              		.loc 1 99 1 view -0
  72              		.cfi_startproc
  73              		@ Volatile: function does not return.
  74              		@ args = 0, pretend = 0, frame = 0
  75              		@ frame_needed = 0, uses_anonymous_args = 0
  76              		@ link register save eliminated.
ARM GAS  C:\Users\Jerry\AppData\Local\Temp\ccU9qOLh.s 			page 4


  77              	.L5:
 100:Src/stm32f4xx_it.c ****   /* USER CODE BEGIN MemoryManagement_IRQn 0 */
 101:Src/stm32f4xx_it.c **** 
 102:Src/stm32f4xx_it.c ****   /* USER CODE END MemoryManagement_IRQn 0 */
 103:Src/stm32f4xx_it.c ****   while (1)
  78              		.loc 1 103 3 discriminator 1 view .LVU7
 104:Src/stm32f4xx_it.c ****   {
 105:Src/stm32f4xx_it.c ****     /* USER CODE BEGIN W1_MemoryManagement_IRQn 0 */
 106:Src/stm32f4xx_it.c ****     /* USER CODE END W1_MemoryManagement_IRQn 0 */
 107:Src/stm32f4xx_it.c ****   }
  79              		.loc 1 107 3 discriminator 1 view .LVU8
 103:Src/stm32f4xx_it.c ****   {
  80              		.loc 1 103 9 discriminator 1 view .LVU9
  81 0000 FEE7     		b	.L5
  82              		.cfi_endproc
  83              	.LFE132:
  85              		.section	.text.BusFault_Handler,"ax",%progbits
  86              		.align	1
  87              		.global	BusFault_Handler
  88              		.syntax unified
  89              		.thumb
  90              		.thumb_func
  92              	BusFault_Handler:
  93              	.LFB133:
 108:Src/stm32f4xx_it.c **** }
 109:Src/stm32f4xx_it.c **** 
 110:Src/stm32f4xx_it.c **** /**
 111:Src/stm32f4xx_it.c ****   * @brief This function handles Pre-fetch fault, memory access fault.
 112:Src/stm32f4xx_it.c ****   */
 113:Src/stm32f4xx_it.c **** void BusFault_Handler(void)
 114:Src/stm32f4xx_it.c **** {
  94              		.loc 1 114 1 view -0
  95              		.cfi_startproc
  96              		@ Volatile: function does not return.
  97              		@ args = 0, pretend = 0, frame = 0
  98              		@ frame_needed = 0, uses_anonymous_args = 0
  99              		@ link register save eliminated.
 100              	.L7:
 115:Src/stm32f4xx_it.c ****   /* USER CODE BEGIN BusFault_IRQn 0 */
 116:Src/stm32f4xx_it.c **** 
 117:Src/stm32f4xx_it.c ****   /* USER CODE END BusFault_IRQn 0 */
 118:Src/stm32f4xx_it.c ****   while (1)
 101              		.loc 1 118 3 discriminator 1 view .LVU11
 119:Src/stm32f4xx_it.c ****   {
 120:Src/stm32f4xx_it.c ****     /* USER CODE BEGIN W1_BusFault_IRQn 0 */
 121:Src/stm32f4xx_it.c ****     /* USER CODE END W1_BusFault_IRQn 0 */
 122:Src/stm32f4xx_it.c ****   }
 102              		.loc 1 122 3 discriminator 1 view .LVU12
 118:Src/stm32f4xx_it.c ****   {
 103              		.loc 1 118 9 discriminator 1 view .LVU13
 104 0000 FEE7     		b	.L7
 105              		.cfi_endproc
 106              	.LFE133:
 108              		.section	.text.UsageFault_Handler,"ax",%progbits
 109              		.align	1
 110              		.global	UsageFault_Handler
 111              		.syntax unified
ARM GAS  C:\Users\Jerry\AppData\Local\Temp\ccU9qOLh.s 			page 5


 112              		.thumb
 113              		.thumb_func
 115              	UsageFault_Handler:
 116              	.LFB134:
 123:Src/stm32f4xx_it.c **** }
 124:Src/stm32f4xx_it.c **** 
 125:Src/stm32f4xx_it.c **** /**
 126:Src/stm32f4xx_it.c ****   * @brief This function handles Undefined instruction or illegal state.
 127:Src/stm32f4xx_it.c ****   */
 128:Src/stm32f4xx_it.c **** void UsageFault_Handler(void)
 129:Src/stm32f4xx_it.c **** {
 117              		.loc 1 129 1 view -0
 118              		.cfi_startproc
 119              		@ Volatile: function does not return.
 120              		@ args = 0, pretend = 0, frame = 0
 121              		@ frame_needed = 0, uses_anonymous_args = 0
 122              		@ link register save eliminated.
 123              	.L9:
 130:Src/stm32f4xx_it.c ****   /* USER CODE BEGIN UsageFault_IRQn 0 */
 131:Src/stm32f4xx_it.c **** 
 132:Src/stm32f4xx_it.c ****   /* USER CODE END UsageFault_IRQn 0 */
 133:Src/stm32f4xx_it.c ****   while (1)
 124              		.loc 1 133 3 discriminator 1 view .LVU15
 134:Src/stm32f4xx_it.c ****   {
 135:Src/stm32f4xx_it.c ****     /* USER CODE BEGIN W1_UsageFault_IRQn 0 */
 136:Src/stm32f4xx_it.c ****     /* USER CODE END W1_UsageFault_IRQn 0 */
 137:Src/stm32f4xx_it.c ****   }
 125              		.loc 1 137 3 discriminator 1 view .LVU16
 133:Src/stm32f4xx_it.c ****   {
 126              		.loc 1 133 9 discriminator 1 view .LVU17
 127 0000 FEE7     		b	.L9
 128              		.cfi_endproc
 129              	.LFE134:
 131              		.section	.text.SVC_Handler,"ax",%progbits
 132              		.align	1
 133              		.global	SVC_Handler
 134              		.syntax unified
 135              		.thumb
 136              		.thumb_func
 138              	SVC_Handler:
 139              	.LFB135:
 138:Src/stm32f4xx_it.c **** }
 139:Src/stm32f4xx_it.c **** 
 140:Src/stm32f4xx_it.c **** /**
 141:Src/stm32f4xx_it.c ****   * @brief This function handles System service call via SWI instruction.
 142:Src/stm32f4xx_it.c ****   */
 143:Src/stm32f4xx_it.c **** void SVC_Handler(void)
 144:Src/stm32f4xx_it.c **** {
 140              		.loc 1 144 1 view -0
 141              		.cfi_startproc
 142              		@ args = 0, pretend = 0, frame = 0
 143              		@ frame_needed = 0, uses_anonymous_args = 0
 144              		@ link register save eliminated.
 145:Src/stm32f4xx_it.c ****   /* USER CODE BEGIN SVCall_IRQn 0 */
 146:Src/stm32f4xx_it.c **** 
 147:Src/stm32f4xx_it.c ****   /* USER CODE END SVCall_IRQn 0 */
 148:Src/stm32f4xx_it.c ****   /* USER CODE BEGIN SVCall_IRQn 1 */
ARM GAS  C:\Users\Jerry\AppData\Local\Temp\ccU9qOLh.s 			page 6


 149:Src/stm32f4xx_it.c **** 
 150:Src/stm32f4xx_it.c ****   /* USER CODE END SVCall_IRQn 1 */
 151:Src/stm32f4xx_it.c **** }
 145              		.loc 1 151 1 view .LVU19
 146 0000 7047     		bx	lr
 147              		.cfi_endproc
 148              	.LFE135:
 150              		.section	.text.DebugMon_Handler,"ax",%progbits
 151              		.align	1
 152              		.global	DebugMon_Handler
 153              		.syntax unified
 154              		.thumb
 155              		.thumb_func
 157              	DebugMon_Handler:
 158              	.LFB136:
 152:Src/stm32f4xx_it.c **** 
 153:Src/stm32f4xx_it.c **** /**
 154:Src/stm32f4xx_it.c ****   * @brief This function handles Debug monitor.
 155:Src/stm32f4xx_it.c ****   */
 156:Src/stm32f4xx_it.c **** void DebugMon_Handler(void)
 157:Src/stm32f4xx_it.c **** {
 159              		.loc 1 157 1 view -0
 160              		.cfi_startproc
 161              		@ args = 0, pretend = 0, frame = 0
 162              		@ frame_needed = 0, uses_anonymous_args = 0
 163              		@ link register save eliminated.
 158:Src/stm32f4xx_it.c ****   /* USER CODE BEGIN DebugMonitor_IRQn 0 */
 159:Src/stm32f4xx_it.c **** 
 160:Src/stm32f4xx_it.c ****   /* USER CODE END DebugMonitor_IRQn 0 */
 161:Src/stm32f4xx_it.c ****   /* USER CODE BEGIN DebugMonitor_IRQn 1 */
 162:Src/stm32f4xx_it.c **** 
 163:Src/stm32f4xx_it.c ****   /* USER CODE END DebugMonitor_IRQn 1 */
 164:Src/stm32f4xx_it.c **** }
 164              		.loc 1 164 1 view .LVU21
 165 0000 7047     		bx	lr
 166              		.cfi_endproc
 167              	.LFE136:
 169              		.section	.text.PendSV_Handler,"ax",%progbits
 170              		.align	1
 171              		.global	PendSV_Handler
 172              		.syntax unified
 173              		.thumb
 174              		.thumb_func
 176              	PendSV_Handler:
 177              	.LFB137:
 165:Src/stm32f4xx_it.c **** 
 166:Src/stm32f4xx_it.c **** /**
 167:Src/stm32f4xx_it.c ****   * @brief This function handles Pendable request for system service.
 168:Src/stm32f4xx_it.c ****   */
 169:Src/stm32f4xx_it.c **** void PendSV_Handler(void)
 170:Src/stm32f4xx_it.c **** {
 178              		.loc 1 170 1 view -0
 179              		.cfi_startproc
 180              		@ args = 0, pretend = 0, frame = 0
 181              		@ frame_needed = 0, uses_anonymous_args = 0
 182              		@ link register save eliminated.
 171:Src/stm32f4xx_it.c ****   /* USER CODE BEGIN PendSV_IRQn 0 */
ARM GAS  C:\Users\Jerry\AppData\Local\Temp\ccU9qOLh.s 			page 7


 172:Src/stm32f4xx_it.c **** 
 173:Src/stm32f4xx_it.c ****   /* USER CODE END PendSV_IRQn 0 */
 174:Src/stm32f4xx_it.c ****   /* USER CODE BEGIN PendSV_IRQn 1 */
 175:Src/stm32f4xx_it.c **** 
 176:Src/stm32f4xx_it.c ****   /* USER CODE END PendSV_IRQn 1 */
 177:Src/stm32f4xx_it.c **** }
 183              		.loc 1 177 1 view .LVU23
 184 0000 7047     		bx	lr
 185              		.cfi_endproc
 186              	.LFE137:
 188              		.section	.text.SysTick_Handler,"ax",%progbits
 189              		.align	1
 190              		.global	SysTick_Handler
 191              		.syntax unified
 192              		.thumb
 193              		.thumb_func
 195              	SysTick_Handler:
 196              	.LFB138:
 178:Src/stm32f4xx_it.c **** 
 179:Src/stm32f4xx_it.c **** /**
 180:Src/stm32f4xx_it.c ****   * @brief This function handles System tick timer.
 181:Src/stm32f4xx_it.c ****   */
 182:Src/stm32f4xx_it.c **** void SysTick_Handler(void)
 183:Src/stm32f4xx_it.c **** {
 197              		.loc 1 183 1 view -0
 198              		.cfi_startproc
 199              		@ args = 0, pretend = 0, frame = 0
 200              		@ frame_needed = 0, uses_anonymous_args = 0
 201 0000 08B5     		push	{r3, lr}
 202              	.LCFI0:
 203              		.cfi_def_cfa_offset 8
 204              		.cfi_offset 3, -8
 205              		.cfi_offset 14, -4
 184:Src/stm32f4xx_it.c ****   /* USER CODE BEGIN SysTick_IRQn 0 */
 185:Src/stm32f4xx_it.c **** 
 186:Src/stm32f4xx_it.c ****   /* USER CODE END SysTick_IRQn 0 */
 187:Src/stm32f4xx_it.c ****   HAL_IncTick();
 206              		.loc 1 187 3 view .LVU25
 207 0002 FFF7FEFF 		bl	HAL_IncTick
 208              	.LVL0:
 188:Src/stm32f4xx_it.c ****   /* USER CODE BEGIN SysTick_IRQn 1 */
 189:Src/stm32f4xx_it.c **** 
 190:Src/stm32f4xx_it.c ****   /* USER CODE END SysTick_IRQn 1 */
 191:Src/stm32f4xx_it.c **** }
 209              		.loc 1 191 1 is_stmt 0 view .LVU26
 210 0006 08BD     		pop	{r3, pc}
 211              		.cfi_endproc
 212              	.LFE138:
 214              		.text
 215              	.Letext0:
 216              		.file 2 "Drivers/STM32F4xx_HAL_Driver/Inc/stm32f4xx_hal.h"
ARM GAS  C:\Users\Jerry\AppData\Local\Temp\ccU9qOLh.s 			page 8


DEFINED SYMBOLS
                            *ABS*:0000000000000000 stm32f4xx_it.c
C:\Users\Jerry\AppData\Local\Temp\ccU9qOLh.s:20     .text.NMI_Handler:0000000000000000 $t
C:\Users\Jerry\AppData\Local\Temp\ccU9qOLh.s:26     .text.NMI_Handler:0000000000000000 NMI_Handler
C:\Users\Jerry\AppData\Local\Temp\ccU9qOLh.s:40     .text.HardFault_Handler:0000000000000000 $t
C:\Users\Jerry\AppData\Local\Temp\ccU9qOLh.s:46     .text.HardFault_Handler:0000000000000000 HardFault_Handler
C:\Users\Jerry\AppData\Local\Temp\ccU9qOLh.s:63     .text.MemManage_Handler:0000000000000000 $t
C:\Users\Jerry\AppData\Local\Temp\ccU9qOLh.s:69     .text.MemManage_Handler:0000000000000000 MemManage_Handler
C:\Users\Jerry\AppData\Local\Temp\ccU9qOLh.s:86     .text.BusFault_Handler:0000000000000000 $t
C:\Users\Jerry\AppData\Local\Temp\ccU9qOLh.s:92     .text.BusFault_Handler:0000000000000000 BusFault_Handler
C:\Users\Jerry\AppData\Local\Temp\ccU9qOLh.s:109    .text.UsageFault_Handler:0000000000000000 $t
C:\Users\Jerry\AppData\Local\Temp\ccU9qOLh.s:115    .text.UsageFault_Handler:0000000000000000 UsageFault_Handler
C:\Users\Jerry\AppData\Local\Temp\ccU9qOLh.s:132    .text.SVC_Handler:0000000000000000 $t
C:\Users\Jerry\AppData\Local\Temp\ccU9qOLh.s:138    .text.SVC_Handler:0000000000000000 SVC_Handler
C:\Users\Jerry\AppData\Local\Temp\ccU9qOLh.s:151    .text.DebugMon_Handler:0000000000000000 $t
C:\Users\Jerry\AppData\Local\Temp\ccU9qOLh.s:157    .text.DebugMon_Handler:0000000000000000 DebugMon_Handler
C:\Users\Jerry\AppData\Local\Temp\ccU9qOLh.s:170    .text.PendSV_Handler:0000000000000000 $t
C:\Users\Jerry\AppData\Local\Temp\ccU9qOLh.s:176    .text.PendSV_Handler:0000000000000000 PendSV_Handler
C:\Users\Jerry\AppData\Local\Temp\ccU9qOLh.s:189    .text.SysTick_Handler:0000000000000000 $t
C:\Users\Jerry\AppData\Local\Temp\ccU9qOLh.s:195    .text.SysTick_Handler:0000000000000000 SysTick_Handler

UNDEFINED SYMBOLS
HAL_IncTick
